生成启动时间为 2019/6/19 9:31:49。
     1>项目“D:\c及c++\GIT\新建文件夹\每日一题\微信红包--求数组中出现过半数\Project1\Project1\Project1.vcxproj”在节点 2 上(Build 个目标)。
     1>ClCompile:
         D:\vs2013\VC\bin\CL.exe /c /ZI /nologo /W3 /WX- /sdl /Od /Oy- /D _MBCS /Gm /EHsc /RTC1 /MDd /GS /fp:precise /Zc:wchar_t /Zc:forScope /Fo"Debug\\" /Fd"Debug\vc120.pdb" /Gd /TP /analyze- /errorReport:prompt test.cpp
         test.cpp
     1>d:\c及c++\git\新建文件夹\每日一题\微信红包--求数组中出现过半数\project1\project1\test.cpp(5): error C2061: 语法错误: 标识符“vector”
     1>d:\c及c++\git\新建文件夹\每日一题\微信红包--求数组中出现过半数\project1\project1\test.cpp(7): error C2065: “gifts”: 未声明的标识符
     1>d:\c及c++\git\新建文件夹\每日一题\微信红包--求数组中出现过半数\project1\project1\test.cpp(7): error C2228: “.size”的左边必须有类/结构/联合
                 类型是“unknown-type”
     1>d:\c及c++\git\新建文件夹\每日一题\微信红包--求数组中出现过半数\project1\project1\test.cpp(7): error C2065: “n”: 未声明的标识符
     1>d:\c及c++\git\新建文件夹\每日一题\微信红包--求数组中出现过半数\project1\project1\test.cpp(8): error C2065: “gifts”: 未声明的标识符
     1>d:\c及c++\git\新建文件夹\每日一题\微信红包--求数组中出现过半数\project1\project1\test.cpp(8): error C2228: “.size”的左边必须有类/结构/联合
                 类型是“unknown-type”
     1>d:\c及c++\git\新建文件夹\每日一题\微信红包--求数组中出现过半数\project1\project1\test.cpp(11): error C2065: “n”: 未声明的标识符
     1>d:\c及c++\git\新建文件夹\每日一题\微信红包--求数组中出现过半数\project1\project1\test.cpp(15): error C2065: “gifts”: 未声明的标识符
     1>d:\c及c++\git\新建文件夹\每日一题\微信红包--求数组中出现过半数\project1\project1\test.cpp(19): error C2065: “gifts”: 未声明的标识符
     1>d:\c及c++\git\新建文件夹\每日一题\微信红包--求数组中出现过半数\project1\project1\test.cpp(27): error C2065: “n”: 未声明的标识符
     1>d:\c及c++\git\新建文件夹\每日一题\微信红包--求数组中出现过半数\project1\project1\test.cpp(28): error C2065: “gifts”: 未声明的标识符
     1>d:\c及c++\git\新建文件夹\每日一题\微信红包--求数组中出现过半数\project1\project1\test.cpp(32): error C2065: “n”: 未声明的标识符
     1>已完成生成项目“D:\c及c++\GIT\新建文件夹\每日一题\微信红包--求数组中出现过半数\Project1\Project1\Project1.vcxproj”(Build 个目标)的操作 - 失败。

生成失败。

已用时间 00:00:00.69
